[05/Oct/21 20:44:50] - |time=13
[05/Oct/21 20:46:53] - |time=116
[06/Oct/21 21:16:00] - |time=170
[06/Oct/21 21:16:54] - |time=17
[06/Oct/21 21:18:01] - |time=61
[06/Oct/21 23:02:39] - |time=1437
[07/Oct/21 18:49:55] - |time=4
[07/Oct/21 19:14:04] - |time=610
[07/Oct/21 19:17:32] - |time=203
[07/Oct/21 19:18:21] - |time=47
[07/Oct/21 19:21:40] - |time=193
[07/Oct/21 19:24:38] - |time=176
[07/Oct/21 19:28:56] - |time=254
[07/Oct/21 19:33:16] - |time=261
[07/Oct/21 19:56:13] - |time=198
[07/Oct/21 19:58:11] - |time=114
[07/Oct/21 20:14:00] - |time=73
[07/Oct/21 20:19:02] - |time=291
[07/Oct/21 21:07:39] - |time=6
[07/Oct/21 21:07:59] - |time=13
[07/Oct/21 21:08:07] - |time=3
[08/Oct/21 19:53:41] - |time=202
[08/Oct/21 19:54:00] - |time=12
[08/Oct/21 20:44:02] - |time=264
[08/Oct/21 20:45:02] - |time=19
[08/Oct/21 20:46:46] - |time=67
[09/Oct/21 18:05:44] - |time=797
[09/Oct/21 18:22:17] - |time=226
[09/Oct/21 18:25:43] - |time=187
[09/Oct/21 20:03:30] - |time=1055
[09/Oct/21 20:25:30] - |time=1328
[09/Oct/21 20:51:01] - |time=1530
[09/Oct/21 21:03:46] - |time=764
[10/Oct/21 11:50:48] - |time=422
[10/Oct/21 14:10:26] - |time=53
[10/Oct/21 14:14:24] - |time=237
[11/Oct/21 18:37:43] - |time=358
[11/Oct/21 19:29:45] - |time=1398
[11/Oct/21 19:56:32] - |time=1604
[11/Oct/21 19:59:42] - |time=188
[11/Oct/21 20:00:44] - |time=60
[11/Oct/21 22:48:57] https://www.youtube.com/watch?v=dkfNkhnF2YY |time=5
[11/Oct/21 22:58:04] - |time=133
[11/Oct/21 23:00:49] - |time=155
[11/Oct/21 23:09:24] https://www.youtube.com/watch?v=4d190zZvceU |time=12
[12/Oct/21 18:53:54] - |time=523
[12/Oct/21 19:34:36] - |time=2438
[12/Oct/21 20:34:13] - |time=362
[12/Oct/21 21:27:48] - |time=2114
[13/Oct/21 20:57:59] /home/christian/OneDrive/Videos/when you hear Rosetta Stoned by Tool for the first time.mp4 |time=13
[13/Oct/21 20:59:12] /home/christian/OneDrive/Videos/When Nymn reviews your music taste.mkv |time=20
[13/Oct/21 20:59:21] /home/christian/OneDrive/Videos/When Nymn reviews your music taste.mkv |time=17
[13/Oct/21 21:00:57] /home/christian/OneDrive/Videos/VID_20190113_225234.mp4 |time=14
[13/Oct/21 21:01:08] /home/christian/OneDrive/Videos/Forsen.ts |time=4
[13/Oct/21 21:02:13] https://eu-b1.files.nextcdn.org/stream/0001/6f846cd601e697f234ea1fda42bf3f45b8a044c74a4e10f602a7f427dfff4c2a/uwu.m3u8 |time=183
[13/Oct/21 21:05:07] https://eu-d1.files.nextcdn.org/stream/0001/b63a4b81bf214267e5215ac7b5516040b7f271c0de726094fec12ee723795199/uwu.m3u8 |time=162
[13/Oct/21 21:11:28] - |time=67
[13/Oct/21 21:18:36] - |time=5
[13/Oct/21 21:22:37] - |time=205
[13/Oct/21 21:23:50] - |time=64
[13/Oct/21 21:23:54] - |time=3
[13/Oct/21 22:11:56] https://www.youtube.com/watch?v=jRGrNDV2mKc |time=8
[14/Oct/21 02:39:49] https://eu-c2.files.nextcdn.org/stream/0002/7112266c8556305ad44ab9d3bf6261dcd55d4d78c5eb6cf969e38025a80a24da/uwu.m3u8 |time=173
[14/Oct/21 02:40:44] - |time=37
[14/Oct/21 02:41:21] - |time=25
[14/Oct/21 02:53:30] - |time=626
[14/Oct/21 02:54:01] - |time=18
[14/Oct/21 13:42:51] - |time=7
[14/Oct/21 13:57:18] - |time=710
[14/Oct/21 17:58:42] - |time=4495
[14/Oct/21 19:47:08] https://eu-b1.files.nextcdn.org/stream/0005/78b1a7114a5cce9653de908165c2c5aea3f63a3a73b270a32b4f4f3717034f47/uwu.m3u8 |time=1435
[14/Oct/21 19:49:32] https://eu-a2.files.nextcdn.org/stream/0004/1b19b346c4fff55295700d3d6ffc543c7ea078b973124b633c47e31b7af904d9/uwu.m3u8 |time=1334
[14/Oct/21 19:53:53] https://eu-a3.files.nextcdn.org/stream/0004/d826d08934904b0d4f137f5ef5915c0ebf67aa7684bcbb0238edd652454a895e/uwu.m3u8 |time=1423
[14/Oct/21 19:54:22] https://eu-a3.files.nextcdn.org/stream/0004/d826d08934904b0d4f137f5ef5915c0ebf67aa7684bcbb0238edd652454a895e/uwu.m3u8 |time=333
[14/Oct/21 19:54:30] https://eu-a2.files.nextcdn.org/stream/0004/a29e10de8d14e2a73dd1bbe068aefedd2079a9e042c9644135a4b084cd99ab91/uwu.m3u8 |time=4
[14/Oct/21 20:15:47] - |time=412
[14/Oct/21 20:16:42] - |time=44
[15/Oct/21 09:28:08] - |time=292
[15/Oct/21 10:23:58] - |time=3282
[15/Oct/21 13:01:23] - |time=76
[15/Oct/21 17:04:04] - |time=3081
[16/Oct/21 15:31:27] - |time=2729
[16/Oct/21 17:41:50] - |time=1408
[16/Oct/21 18:15:25] - |time=2015
[16/Oct/21 18:15:39] - |time=3
[16/Oct/21 18:15:48] - |time=19
[16/Oct/21 18:42:35] - |time=1605
[16/Oct/21 19:15:23] - |time=1967
[16/Oct/21 19:42:32] - |time=1629
[16/Oct/21 20:00:35] - |time=1082
[16/Oct/21 20:57:57] https://eu-d1.files.nextcdn.org/stream/0001/1431e46877c4a5bbf4d03718749a1b20e9f5a812638b19de58e06cae1191af5e/uwu.m3u8 |time=190
[16/Oct/21 21:05:53] https://eu-a1.files.nextcdn.org/stream/0004/002625e86b3b4449ac1e2f80021e0528fab87d47edf345f4a44e1eaa9228432e/uwu.m3u8 |time=300
[16/Oct/21 21:31:08] https://www10.anicdn.stream/videos/hls/7Y7Sn4YnjdbNUd3zDOmw8w/1634427045/88078/8326334dbce02dd5b3ff6b75113c5307/ep.1.1612938178.m3u8 |time=160
[16/Oct/21 21:32:39] https://www10.anicdn.stream/videos/hls/M2KA7v2oSA1ZV1WlyS-8OA/1634427129/164203/0b594d900f47daabc194844092384914/ep.980.1624762192.m3u8 |time=8
[16/Oct/21 22:12:22] https://www10.anicdn.stream/videos/hls/spT4LRnDgZ2B160xZ4lpZQ/1634429442/2633/4f762bd70a47a42d9d61cc4816e19295/ep.1.1612854623.m3u8 |time=91
[16/Oct/21 23:15:07] - |time=1233
[17/Oct/21 00:40:10] - |time=59
[17/Oct/21 01:48:41] - |time=932
[17/Oct/21 12:33:02] - |time=663
[17/Oct/21 12:50:20] - |time=52
[17/Oct/21 17:37:14] - |time=1421
[17/Oct/21 17:59:16] - |time=1321
[17/Oct/21 18:11:19] - |time=722
[17/Oct/21 18:16:20] - |time=299
[17/Oct/21 18:26:41] - |time=620
[17/Oct/21 18:31:44] - |time=302
[18/Oct/21 14:52:00] - |time=2958
[18/Oct/21 14:53:15] - |time=74
[18/Oct/21 14:57:54] - |time=280
[18/Oct/21 15:02:21] - |time=265
[18/Oct/21 15:03:25] - |time=63
[18/Oct/21 17:33:57] - |time=9030
[19/Oct/21 00:41:55] https://www08.anicdn.stream/videos/hls/gn8BR8BGieuLR1I44YCrJg/1634611243/90611/8ef9b7453712c8ea8cd257ad9216680b/ep.1.1618922744.m3u8 |time=2552
[19/Oct/21 18:08:57] - |time=181
[19/Oct/21 18:12:53] - |time=225
[19/Oct/21 18:52:19] - |time=2364
[19/Oct/21 20:51:39] - |time=2029
[19/Oct/21 21:01:47] - |time=607
[19/Oct/21 21:04:09] - |time=133
[19/Oct/21 21:05:27] - |time=3
[19/Oct/21 21:10:57] - |time=367
[19/Oct/21 21:13:21] - |time=142
[20/Oct/21 19:00:08] - |time=244
[20/Oct/21 19:07:24] - |time=435
[20/Oct/21 19:28:19] - |time=1253
[20/Oct/21 19:30:56] - |time=156
[20/Oct/21 19:31:09] - |time=0
[20/Oct/21 22:09:20] https://www02.anicdn.stream/videos/hls/0PpBiVpjyRUMywoNmT41AQ/1634774882/38317/c835f014b066080a586404230052d405/ep.1.1605830429.m3u8 |time=74
[20/Oct/21 22:12:13] https://www04.anicdn.stream/videos/hls/i9wgZTJS6yZm0l9JoHqzIg/1634775011/124887/4d6977999b77d967a414d8620daf0f3c/ep.1.1604527932.m3u8 |time=117
[20/Oct/21 22:12:39] - |time=1
[21/Oct/21 19:12:34] - |time=1168
[21/Oct/21 19:23:51] - |time=663
[22/Oct/21 22:01:19] - |time=7151
[23/Oct/21 17:49:09] - |time=346
[23/Oct/21 18:19:01] - |time=1789
[24/Oct/21 10:01:54] - |time=833
[24/Oct/21 14:13:59] - |time=1465
[24/Oct/21 16:58:37] - |time=4346
[24/Oct/21 17:05:09] - |time=392
[24/Oct/21 18:27:35] - |time=4806
[24/Oct/21 19:28:07] - |time=1383
[24/Oct/21 19:34:41] - |time=383
[24/Oct/21 20:35:03] - |time=3620
[24/Oct/21 20:39:41] - |time=278
[24/Oct/21 20:45:25] - |time=342
[24/Oct/21 21:30:22] - |time=2685
[25/Oct/21 00:21:43] - |time=466
[25/Oct/21 20:06:04] - |time=4112
[26/Oct/21 13:38:49] - |time=161
[26/Oct/21 14:16:30] - |time=10
[26/Oct/21 14:53:50] - |time=1501
[26/Oct/21 14:56:02] - |time=108
[26/Oct/21 14:56:27] - |time=25
[26/Oct/21 18:11:19] - |time=11154
[26/Oct/21 18:44:39] - |time=1995
[26/Oct/21 18:50:36] - |time=356
[26/Oct/21 20:08:00] - |time=4642
[26/Oct/21 20:34:19] - |time=1579
[26/Oct/21 23:26:18] - |time=21
[26/Oct/21 23:35:02] - |time=522
[26/Oct/21 23:59:59] - |time=1443
[27/Oct/21 18:57:27] - |time=17
[27/Oct/21 19:09:35] - |time=717
[27/Oct/21 20:20:16] - |time=4240
[27/Oct/21 20:27:02] - |time=405
[27/Oct/21 20:29:22] - |time=126
[27/Oct/21 20:36:47] - |time=434
[27/Oct/21 21:01:58] - |time=1499
[28/Oct/21 18:57:57] - |time=155
[28/Oct/21 20:00:56] - |time=2042
[28/Oct/21 21:55:11] - |time=1915
[29/Oct/21 13:07:29] - |time=2841
[30/Oct/21 13:21:35] - |time=2042
[30/Oct/21 17:03:52] - |time=1038
[30/Oct/21 17:24:26] - |time=1189
[30/Oct/21 18:12:52] - |time=2904
[30/Oct/21 18:28:48] - |time=955
[30/Oct/21 18:36:34] - |time=465
[30/Oct/21 21:37:53] - |time=19
[30/Oct/21 21:41:08] - |time=175
[30/Oct/21 21:51:57] - |time=639
[30/Oct/21 22:08:30] - |time=990
[30/Oct/21 22:21:31] - |time=712
[30/Oct/21 22:23:53] - |time=141
[30/Oct/21 23:03:29] - |time=414
[30/Oct/21 23:54:23] https://www01.anicdn.stream/videos/hls/uNMOgRvlg8POmP1kZPbJVQ/1635645258/36306/2480c6386857c7bbb258109c37da917f/ep.1.1605840105.m3u8 |time=1
[31/Oct/21 12:27:24] - |time=811
[31/Oct/21 14:02:29] - |time=173
[31/Oct/21 14:10:30] - |time=450
[31/Oct/21 15:26:00] - |time=4520
[31/Oct/21 16:02:40] - |time=2199
[31/Oct/21 16:54:32] - |time=3111
[31/Oct/21 16:54:50] - |time=17
[31/Oct/21 17:11:49] - |time=1017
[31/Oct/21 18:08:35] - |time=1718
[31/Oct/21 18:19:58] - |time=622
[31/Oct/21 22:50:15] - |time=353
[31/Oct/21 22:50:36] - |time=20
[31/Oct/21 23:45:22] - |time=3152
[01/Nov/21 00:53:36] - |time=4012
[01/Nov/21 13:58:24] - |time=1883
[01/Nov/21 14:56:59] - |time=3475
[01/Nov/21 15:50:02] - |time=3181
[01/Nov/21 15:54:51] - |time=288
[01/Nov/21 16:20:22] - |time=1385
[01/Nov/21 16:27:54] - |time=452
[01/Nov/21 17:18:34] - |time=3038
[01/Nov/21 18:02:17] - |time=2622
[01/Nov/21 18:38:07] - |time=2149
[01/Nov/21 19:15:17] - |time=2229
[01/Nov/21 20:04:15] - |time=16
[02/Nov/21 02:35:49] - |time=1507
[02/Nov/21 13:24:25] - |time=35
[02/Nov/21 13:32:05] - |time=413
[02/Nov/21 15:24:26] - |time=6727
[02/Nov/21 16:35:36] - |time=4269
[02/Nov/21 16:37:48] - |time=129
[02/Nov/21 17:35:56] - |time=3498
[02/Nov/21 17:44:24] - |time=508
[03/Nov/21 19:22:50] - |time=1389
[03/Nov/21 19:39:09] - |time=978
[03/Nov/21 19:50:57] - |time=707
[03/Nov/21 20:20:17] - |time=1566
[03/Nov/21 20:28:15] - |time=477
[04/Nov/21 00:20:39] - |time=21
[04/Nov/21 19:01:47] - |time=398
[04/Nov/21 19:02:15] - |time=3
[04/Nov/21 19:21:33] - |time=1150
[04/Nov/21 19:26:27] - |time=249
[04/Nov/21 19:51:26] - |time=1495
[04/Nov/21 20:17:48] - |time=893
[04/Nov/21 21:04:14] - |time=2771
[04/Nov/21 21:08:01] - |time=216
[04/Nov/21 21:32:21] - |time=1451
[04/Nov/21 21:32:32] - |time=8
[05/Nov/21 00:01:04] - |time=114
[05/Nov/21 00:59:15] - |time=2090
[05/Nov/21 19:40:19] - |time=1426
[05/Nov/21 20:05:14] - |time=1495
[05/Nov/21 20:16:30] - |time=674
[05/Nov/21 20:20:16] - |time=225
[05/Nov/21 21:41:32] - |time=426
[05/Nov/21 22:11:06] - |time=1773
[05/Nov/21 22:34:53] - |time=1398
[06/Nov/21 18:46:49] - |time=2852
[06/Nov/21 19:15:11] - |time=1651
[06/Nov/21 19:16:28] - |time=2
[06/Nov/21 19:58:22] - |time=2505
[06/Nov/21 19:59:40] - |time=64
[06/Nov/21 20:13:32] - |time=830
[06/Nov/21 21:12:00] - |time=3471
[06/Nov/21 21:41:23] - |time=1762
[06/Nov/21 22:08:49] /home/christian/Videos/DrDisrespect does not know his mouse sensitivity.mkv |time=24
[06/Nov/21 22:09:13] /home/christian/Videos/DrDisrespect does not know his mouse sensitivity.mkv |time=20
[06/Nov/21 22:12:42] /home/christian/Videos/Tool - Stinkfist But It's We Are Never Getting Back Together By Taylor Swift.mp4 |time=203
[06/Nov/21 22:13:06] /home/christian/Videos/Tool - Stinkfist But It's We Are Never Getting Back Together By Taylor Swift.mp4 |time=203
[06/Nov/21 22:16:33] /home/christian/Videos/Tool - Stinkfist But It's We Are Never Getting Back Together By Taylor Swift.mp4 |time=203
[06/Nov/21 22:16:46] /home/christian/Videos/Tool - Stinkfist But It's We Are Never Getting Back Together By Taylor Swift.mp4 |time=201
[07/Nov/21 17:22:46] /home/christian/Videos/girl_gamers-8as5pic0j6y71.mp4 |time=24
[07/Nov/21 17:54:25] - |time=690
[07/Nov/21 18:06:32] - |time=673
[07/Nov/21 19:39:53] - |time=4
[07/Nov/21 22:17:11] - |time=688
[07/Nov/21 23:09:23] - |time=204
[07/Nov/21 23:28:04] - |time=275
[08/Nov/21 19:08:36] /home/christian/Videos/Human Cake (Reupload).mp4 |time=893
[09/Nov/21 19:19:14] - |time=1412
[09/Nov/21 19:30:16] - |time=661
[09/Nov/21 21:20:54] - |time=2623
[10/Nov/21 19:14:42] - |time=216
[10/Nov/21 19:28:56] - |time=852
[10/Nov/21 22:13:15] - |time=204
[11/Nov/21 19:10:34] - |time=508
[11/Nov/21 19:28:10] - |time=1047
[11/Nov/21 19:44:37] - |time=986
[11/Nov/21 19:45:10] - |time=31
[12/Nov/21 11:03:01] - |time=2265
[12/Nov/21 11:03:05] - |time=2
[12/Nov/21 11:15:10] - |time=686
[12/Nov/21 11:57:49] - |time=2557
[12/Nov/21 12:15:16] - |time=1045
[12/Nov/21 13:37:04] - |time=4898
[12/Nov/21 13:57:27] - |time=101
[12/Nov/21 20:44:13] - |time=2399
[12/Nov/21 22:19:42] https://www01.anicdn.stream/videos/hls/2yJBU8yN5VHxzuUcJ34I1Q/1636765745/36306/2480c6386857c7bbb258109c37da917f/ep.1.1605840105.720.m3u8 |time=327
[13/Nov/21 20:19:58] - |time=3461
[14/Nov/21 16:10:14] - |time=5079
[14/Nov/21 16:12:09] - |time=114
[14/Nov/21 16:14:55] - |time=49
[14/Nov/21 16:42:36] https://www.twitch.tv/videos/1204416962 |time=7595
[14/Nov/21 16:46:58] https://www.twitch.tv/videos/1204416962 |time=9509
[14/Nov/21 16:53:14] https://www.youtube.com/watch?v=GZPRrYLGrhI |time=10
[14/Nov/21 16:53:46] https://www.youtube.com/watch?v=GZPRrYLGrhI |time=12
[14/Nov/21 16:54:04] https://www.youtube.com/watch?v=GZPRrYLGrhI |time=9
[14/Nov/21 16:57:19] https://www.youtube.com/watch?v=ybXr6c9j-2Y |time=10
[14/Nov/21 18:19:43] - |time=4837
[14/Nov/21 18:56:14] - |time=2163
[14/Nov/21 20:39:52] - |time=6215
[14/Nov/21 20:53:47] - |time=834
[14/Nov/21 21:29:26] - |time=21
[14/Nov/21 21:45:40] https://www.youtube.com/watch?v=pyZSqfmN_0I |time=8
[14/Nov/21 21:45:54] https://www.youtube.com/watch?v=pyZSqfmN_0I |time=2
[15/Nov/21 18:57:23] - |time=297
[15/Nov/21 19:08:27] - |time=662
[15/Nov/21 19:42:01] - |time=2013
[15/Nov/21 20:14:42] - |time=1090
[15/Nov/21 20:16:03] - |time=80
[15/Nov/21 21:17:36] - |time=3446
[15/Nov/21 21:24:24] - |time=407
[15/Nov/21 21:43:35] - |time=1150
[15/Nov/21 22:39:25] - |time=3348
[16/Nov/21 16:18:07] - |time=1387
[16/Nov/21 16:29:32] - |time=669
[16/Nov/21 16:29:47] - |time=3
[16/Nov/21 16:30:26] - |time=51
[16/Nov/21 16:31:13] /run/media/christian/WideHardo/Videos/THIS.mp4 |time=5
[16/Nov/21 16:31:27] /run/media/christian/WideHardo/Videos/boiling some tea water.mp4 |time=3
[16/Nov/21 16:31:53] /run/media/christian/WideHardo/Videos/2021-09-16 20-47-50.mp4 |time=21
[16/Nov/21 16:31:57] /run/media/christian/WideHardo/Videos/2021-09-16 20-47-50.mp4 |time=2
[16/Nov/21 16:32:38] /run/media/christian/WideHardo/Videos/2021-09-13 21-34-29.mp4 |time=14
[16/Nov/21 16:32:39] /run/media/christian/WideHardo/Videos/2021-09-13 21-34-29.mp4 |time=13
[16/Nov/21 16:32:48] /run/media/christian/WideHardo/Videos/2021-09-13 21-34-29.mp4 |time=12
[16/Nov/21 16:33:01] /run/media/christian/WideHardo/Videos/The PP Bizon incident.mp4 |time=10
[16/Nov/21 17:26:20] - |time=2358
[16/Nov/21 17:56:05] - |time=1795
[16/Nov/21 18:57:45] - |time=3698
[16/Nov/21 19:04:00] - |time=374
[16/Nov/21 19:39:56] - |time=1
[16/Nov/21 20:22:32] - |time=59
[16/Nov/21 20:52:31] - |time=793
[16/Nov/21 21:02:39] - |time=607
[16/Nov/21 22:20:18] - |time=4657
[16/Nov/21 23:45:26] - |time=5107
[17/Nov/21 00:57:05] - |time=4298
[17/Nov/21 19:45:56] - |time=405
[17/Nov/21 20:16:51] - |time=637
[17/Nov/21 20:22:56] - |time=363
[17/Nov/21 20:27:13] - |time=257
[17/Nov/21 21:17:43] - |time=3028
[17/Nov/21 21:24:34] - |time=411
[18/Nov/21 20:14:16] - |time=2438
[18/Nov/21 20:21:40] - |time=443
[18/Nov/21 20:46:30] - |time=1488
[18/Nov/21 21:05:04] - |time=1113
[18/Nov/21 22:10:16] - |time=57
[19/Nov/21 20:28:47] - |time=209
[19/Nov/21 20:29:58] - |time=57
[19/Nov/21 20:46:50] - |time=977
[19/Nov/21 21:04:55] - |time=993
[19/Nov/21 21:12:02] - |time=426
[20/Nov/21 18:23:37] - |time=2104
[21/Nov/21 15:40:56] - |time=4096
[21/Nov/21 16:26:01] - |time=2704
[21/Nov/21 16:57:00] - |time=1857
[21/Nov/21 18:14:43] - |time=4662
[21/Nov/21 20:56:35] - |time=1782
[21/Nov/21 22:46:20] - |time=289
[22/Nov/21 17:05:47] - |time=162
[22/Nov/21 17:06:49] - |time=46
[22/Nov/21 19:26:53] - |time=314
[22/Nov/21 19:55:31] - |time=948
[22/Nov/21 20:38:58] - |time=2
[22/Nov/21 21:09:33] - |time=1827
[22/Nov/21 21:19:09] - |time=565
[22/Nov/21 22:54:16] - |time=5705
[23/Nov/21 17:14:36] - |time=2302
[23/Nov/21 18:04:33] - |time=2996
[23/Nov/21 18:28:23] - |time=1429
[23/Nov/21 23:14:57] - |time=6
[23/Nov/21 23:55:51] - |time=2409
[24/Nov/21 00:57:28] - |time=1732
[24/Nov/21 18:38:53] - |time=6180
[24/Nov/21 20:27:46] - |time=2345
[25/Nov/21 16:57:55] - |time=662
[25/Nov/21 17:36:04] - |time=2287
[25/Nov/21 17:40:18] - |time=243
[25/Nov/21 17:55:47] - |time=890
[25/Nov/21 18:47:40] - |time=3112
[25/Nov/21 19:28:44] - |time=2463
[25/Nov/21 20:30:35] - |time=5
[25/Nov/21 20:33:49] - |time=176
[26/Nov/21 19:09:49] - |time=7805
[26/Nov/21 19:22:25] - |time=131
[26/Nov/21 20:45:52] - |time=1838
[26/Nov/21 21:26:10] - |time=297
[27/Nov/21 16:26:51] - |time=353
[27/Nov/21 20:05:09] - |time=156
[28/Nov/21 12:38:42] - |time=569
[28/Nov/21 12:49:47] - |time=663
[28/Nov/21 13:02:24] - |time=755
[28/Nov/21 13:11:00] - |time=272
[28/Nov/21 15:55:10] - |time=9225
[28/Nov/21 16:58:48] - |time=3816
[28/Nov/21 20:44:08] - |time=691
[28/Nov/21 21:15:32] - |time=1883
[01/Dec/21 20:49:30] - |time=649
[01/Dec/21 21:10:17] - |time=507
[01/Dec/21 21:21:12] - |time=494
[01/Dec/21 23:41:20] - |time=1668
[02/Dec/21 18:01:54] - |time=4550
[02/Dec/21 18:17:56] - |time=960
[02/Dec/21 19:15:52] - |time=3476
[02/Dec/21 19:29:55] - |time=841
[02/Dec/21 22:05:28] - |time=668
[03/Dec/21 21:05:42] - |time=15261
[03/Dec/21 21:14:57] - |time=554
[03/Dec/21 22:12:08] - |time=1688
[04/Dec/21 22:49:38] - |time=14
[04/Dec/21 23:03:18] - |time=569
[04/Dec/21 23:24:33] - |time=323
[04/Dec/21 23:36:28] - |time=509
[05/Dec/21 00:48:43] - |time=626
[05/Dec/21 11:59:15] - |time=194
[05/Dec/21 13:39:48] - |time=191
[05/Dec/21 14:20:47] - |time=1309
[05/Dec/21 14:34:42] - |time=271
[05/Dec/21 19:41:23] - |time=960
[05/Dec/21 20:28:00] - |time=2762
[05/Dec/21 20:55:25] - |time=1644
[05/Dec/21 21:35:42] - |time=2417
[05/Dec/21 21:47:18] - |time=696
[05/Dec/21 22:01:24] - |time=764
[05/Dec/21 22:50:53] - |time=2966
[06/Dec/21 17:56:47] - |time=4143
[06/Dec/21 18:05:39] - |time=531
[07/Dec/21 18:29:12] - |time=4574
[07/Dec/21 19:50:33] - |time=4879
[07/Dec/21 20:29:51] - |time=2357
[07/Dec/21 20:53:35] - |time=1422
[07/Dec/21 21:10:52] - |time=1036
[07/Dec/21 21:13:25] - |time=142
[07/Dec/21 22:03:35] - |time=3002
[07/Dec/21 22:23:38] - |time=772
[07/Dec/21 22:38:27] - |time=669
[07/Dec/21 22:41:44] - |time=196
[08/Dec/21 12:14:29] - |time=473
[08/Dec/21 13:39:56] - |time=3047
[08/Dec/21 14:02:55] - |time=1367
[08/Dec/21 14:12:57] - |time=607
[08/Dec/21 16:32:40] - |time=514
[09/Dec/21 17:03:23] - |time=1004
[09/Dec/21 17:06:26] - |time=173
[09/Dec/21 18:12:47] - |time=3937
[09/Dec/21 18:45:25] - |time=1954
[09/Dec/21 18:49:54] - |time=268
[09/Dec/21 19:13:42] - |time=1453
[09/Dec/21 19:59:46] - |time=2764
[09/Dec/21 20:38:34] - |time=2259
[09/Dec/21 21:46:58] /run/media/christian/WideHardo/Filme/The Big Lebowski (1998)/The Big Lebowski (1998) Bluray-2160p.mkv |time=17
[10/Dec/21 19:59:37] - |time=15
[10/Dec/21 20:07:19] - |time=461
[10/Dec/21 21:09:00] - |time=550
[10/Dec/21 21:16:29] - |time=184
[10/Dec/21 23:16:40] https://www10.anicdn.stream/videos/hls/2zxLrLsJngw7U31zaHhV2g/1639188972/2633/4f762bd70a47a42d9d61cc4816e19295/ep.1.1612854623.1080.m3u8 |time=23
[11/Dec/21 12:27:21] - |time=498
[11/Dec/21 16:12:33] - |time=6219
[11/Dec/21 16:59:06] - |time=2793
[11/Dec/21 17:31:03] - |time=1904
[11/Dec/21 18:36:01] - |time=3897
[11/Dec/21 18:56:10] - |time=1193
[11/Dec/21 19:07:53] - |time=702
[11/Dec/21 20:05:32] - |time=3443
[11/Dec/21 20:15:54] - |time=615
[11/Dec/21 20:16:43] - |time=1
[11/Dec/21 20:18:18] - |time=122
[11/Dec/21 20:51:35] - |time=2004
[11/Dec/21 22:59:28] - |time=393
[11/Dec/21 23:08:29] - |time=523
[12/Dec/21 13:48:16] - |time=6133
[12/Dec/21 15:39:37] - |time=6037
[12/Dec/21 17:21:15] - |time=1793
[12/Dec/21 17:40:31] - |time=1009
[12/Dec/21 19:21:21] - |time=6037
[12/Dec/21 20:03:10] - |time=2510
[12/Dec/21 20:43:10] - |time=31
[12/Dec/21 21:02:19] - |time=1136
[12/Dec/21 22:32:16] - |time=5397
[12/Dec/21 23:15:05] - |time=2314
[13/Dec/21 00:08:37] - |time=81
[13/Dec/21 00:12:32] - |time=121
[13/Dec/21 00:36:46] - |time=1442
[13/Dec/21 20:17:52] - |time=222
[13/Dec/21 22:02:21] - |time=6126
[14/Dec/21 19:50:36] - |time=2350
[14/Dec/21 23:59:34] - |time=28
[15/Dec/21 18:56:34] - |time=119
[15/Dec/21 19:38:56] - |time=2529
[15/Dec/21 19:48:24] - |time=568
[15/Dec/21 22:04:48] - |time=2946
[15/Dec/21 22:45:39] - |time=412
[16/Dec/21 00:01:33] - |time=4542
[16/Dec/21 13:10:42] - |time=362
[16/Dec/21 18:56:02] - |time=11006
[16/Dec/21 19:00:09] - |time=244
[16/Dec/21 19:05:49] - |time=338
[16/Dec/21 21:51:36] - |time=9896
[16/Dec/21 22:45:26] - |time=558
[16/Dec/21 22:59:17] - |time=830
[16/Dec/21 22:59:39] - |time=1
[17/Dec/21 00:03:50] - |time=3839
[17/Dec/21 22:18:47] - |time=541
[17/Dec/21 22:41:11] - |time=381
[18/Dec/21 17:59:16] - |time=390
[18/Dec/21 18:18:51] - |time=1164
[18/Dec/21 19:56:07] - |time=5836
[18/Dec/21 21:29:52] - |time=2985
[18/Dec/21 21:32:04] - |time=116
[18/Dec/21 21:34:38] - |time=153
[18/Dec/21 23:23:23] - |time=2919
[19/Dec/21 00:00:53] - |time=399
[19/Dec/21 01:32:44] - |time=810
[19/Dec/21 13:04:19] - |time=11
[19/Dec/21 20:47:56] - |time=776
[19/Dec/21 21:19:45] - |time=1900
[19/Dec/21 22:09:43] - |time=2987
[19/Dec/21 23:02:42] - |time=167
[20/Dec/21 18:55:23] - |time=353
[20/Dec/21 19:35:18] - |time=2393
[20/Dec/21 19:46:34] - |time=676
[20/Dec/21 22:20:11] - |time=2656
[22/Dec/21 19:21:18] - |time=1490
[22/Dec/21 22:00:29] - |time=2734
[22/Dec/21 22:44:36] - |time=2480
[23/Dec/21 12:12:50] - |time=2145
[23/Dec/21 12:15:55] - |time=176
[23/Dec/21 13:06:16] - |time=2985
[23/Dec/21 20:13:42] - |time=25638
[23/Dec/21 20:24:59] - |time=677
[24/Dec/21 15:58:32] - |time=5732
[25/Dec/21 12:29:59] - |time=185
[25/Dec/21 14:23:57] - |time=213
[25/Dec/21 16:26:43] - |time=4901
[25/Dec/21 16:56:49] - |time=3
[25/Dec/21 17:48:58] - |time=1033
[25/Dec/21 20:25:21] - |time=579
[25/Dec/21 22:20:05] - |time=15
[25/Dec/21 23:13:52] - |time=548
[26/Dec/21 00:41:18] - |time=325
[26/Dec/21 14:20:16] - |time=5720
[26/Dec/21 16:22:50] - |time=1944
[26/Dec/21 16:36:05] - |time=4
[26/Dec/21 16:41:53] - |time=352
[26/Dec/21 17:23:48] - |time=2506
[26/Dec/21 19:19:16] - |time=6888
[26/Dec/21 20:55:07] - |time=581
[27/Dec/21 01:23:31] - |time=140
[27/Dec/21 20:06:33] - |time=3376
[27/Dec/21 22:30:20] - |time=8613
[28/Dec/21 19:36:18] - |time=2397
[28/Dec/21 20:07:24] - |time=1857
[28/Dec/21 20:25:25] - |time=1072
[29/Dec/21 19:03:43] - |time=592
[29/Dec/21 20:17:54] - |time=4449
[29/Dec/21 21:04:49] - |time=330
[30/Dec/21 19:30:04] - |time=2510
[30/Dec/21 21:18:12] - |time=6486
[30/Dec/21 21:20:03] - |time=110
[30/Dec/21 21:27:32] - |time=332
[30/Dec/21 21:28:27] - |time=25
[30/Dec/21 22:10:34] - |time=2409
[30/Dec/21 22:27:56] - |time=1041
[30/Dec/21 23:51:18] - |time=1314
[31/Dec/21 12:46:36] - |time=1547
[31/Dec/21 13:45:50] - |time=3541
[31/Dec/21 13:50:42] - |time=291
[31/Dec/21 15:10:34] - |time=4782
[31/Dec/21 15:45:32] - |time=2098
[31/Dec/21 19:01:49] - |time=1683
[31/Dec/21 19:05:48] - |time=1148
[31/Dec/21 19:05:50] - |time=241
[31/Dec/21 19:11:18] https://vidstreamingcdn.com/cdn9/4b208a479168a98869f5eee8823b613f/EP.1.v0.1639169708.1080p.mp4?mac=CNBVv4tZIiM3UbAAez94LqEhMNjDyxAL9JmdXEzX2Rw%3D&expiry=1640981287064 |time=2
[31/Dec/21 20:52:31] - |time=6399
[01/Jan/22 00:06:40] - |time=222
[01/Jan/22 15:07:43] - |time=513
[01/Jan/22 17:46:44] - |time=1849
[01/Jan/22 17:52:59] - |time=316
[01/Jan/22 18:25:36] - |time=347
[01/Jan/22 20:25:58] - |time=144
[01/Jan/22 20:30:59] - |time=251
[01/Jan/22 20:34:42] - |time=213
[01/Jan/22 20:36:40] - |time=108
[01/Jan/22 22:26:38] - |time=6587
[02/Jan/22 00:25:22] - |time=7119
[02/Jan/22 13:43:57] - |time=2211
[02/Jan/22 17:18:03] - |time=10787
[02/Jan/22 17:20:55] - |time=154
[02/Jan/22 17:36:56] - |time=946
[02/Jan/22 19:54:05] - |time=51
[06/Jan/22 02:03:36] https://www.twitch.tv/videos/277302104?t=0h0m1s |time=33
[06/Jan/22 15:22:58] - |time=27
[06/Jan/22 16:48:35] - |time=5131
[06/Jan/22 18:19:20] https://www.twitch.tv/videos/1253190997 |time=49552
[06/Jan/22 20:36:55] https://www.twitch.tv/videos/1245923826?t=05h48m38s |time=20921
[06/Jan/22 21:48:18] https://www.twitch.tv/videos/1245923826?t=05h48m38s |time=23685
[07/Jan/22 21:21:52] - |time=554
[08/Jan/22 19:17:44] - |time=647
[11/Jan/22 19:22:16] - |time=1885
[11/Jan/22 19:32:36] - |time=618
[11/Jan/22 23:10:22] https://www.twitch.tv/ayezee |time=6226
[11/Jan/22 23:30:25] - |time=1174
[12/Jan/22 19:40:11] - |time=2270
[13/Jan/22 01:08:24] - |time=6157
[13/Jan/22 17:17:37] - |time=3834
[13/Jan/22 18:44:27] - |time=3244
[13/Jan/22 23:23:59] - |time=325
[16/Jan/22 18:20:52] - |time=386
[16/Jan/22 18:23:55] - |time=48
[20/Jan/22 14:46:12] - |time=7
[20/Jan/22 15:30:34] - |time=2652
[20/Jan/22 15:53:31] - |time=1377
[20/Jan/22 16:49:56] - |time=3384
[20/Jan/22 19:49:56] - |time=10798
[20/Jan/22 19:59:39] - |time=568
[21/Jan/22 00:37:14] - |time=1257
[22/Jan/22 20:56:40] - |time=3395
[23/Jan/22 00:31:35] - |time=5819
[23/Jän/22 18:33:34] - |time=4618
[24/Jän/22 19:25:12] - |time=1182
[25/Jän/22 19:05:53] - |time=765
[25/Jän/22 19:36:41] - |time=1831
[25/Jän/22 20:16:33] - |time=2372
[27/Jän/22 11:46:38] - |time=1434
[27/Jän/22 15:30:01] - |time=3244
[27/Jän/22 22:50:28] - |time=264
[28/Jän/22 20:31:06] - |time=1763
[28/Jän/22 21:20:16] - |time=2949
[29/Jän/22 20:19:19] - |time=65
[29/Jän/22 20:22:33] - |time=10
[29/Jän/22 20:26:21] - |time=7
[29/Jän/22 20:31:37] - |time=282
[30/Jän/22 12:31:05] - |time=985
[30/Jän/22 14:21:41] - |time=1340
[30/Jän/22 14:29:35] - |time=474
[30/Jän/22 15:42:55] - |time=4398
[30/Jän/22 16:53:12] - |time=1
[30/Jän/22 16:55:02] - |time=101
[30/Jän/22 19:01:04] - |time=2190
[30/Jän/22 20:09:10] - |time=29
[30/Jän/22 20:29:54] - |time=1250
[30/Jän/22 20:37:23] - |time=289
[31/Jän/22 20:10:19] - |time=4387
[01/Feb/22 19:00:55] - |time=77
[01/Feb/22 19:02:49] - |time=103
[01/Feb/22 19:07:47] - |time=283
[01/Feb/22 19:09:29] - |time=90
[01/Feb/22 20:08:53] - |time=3551
[02/Feb/22 15:54:12] - |time=9088
[02/Feb/22 17:29:13] - |time=98
[03/Feb/22 17:01:01] - |time=1667
[03/Feb/22 17:51:02] - |time=1506
[03/Feb/22 19:14:52] - |time=5029
[03/Feb/22 19:35:30] - |time=1237
[03/Feb/22 19:45:00] - |time=569
[03/Feb/22 21:21:23] - |time=5623
[08/Feb/22 19:13:57] - |time=925
[09/Feb/22 19:00:48] - |time=663
[09/Feb/22 19:22:34] - |time=1286
[09/Feb/22 19:42:14] - |time=951
[09/Feb/22 21:28:13] - |time=6327
[10/Feb/22 19:21:23] - |time=1424
[11/Feb/22 21:36:57] - |time=1222
[13/Feb/22 12:13:45] - |time=475
[13/Feb/22 16:04:50] - |time=167
[14/Feb/22 19:41:45] - |time=2665
[14/Feb/22 19:53:39] - |time=537
[15/Feb/22 13:58:56] - |time=43
[15/Feb/22 15:49:51] - |time=702
[15/Feb/22 15:59:24] - |time=560
[17/Feb/22 19:47:32] - |time=3218
[18/Feb/22 20:30:50] - |time=762
[20/Feb/22 11:19:31] - |time=4
[20/Feb/22 12:01:33] - |time=2517
[20/Feb/22 15:54:44] - |time=102
[20/Feb/22 17:52:27] https://vidstreamingcdn.com/cdn39/ff9d078ddb85d69cd0ffde4d026d7d16/EP.6.v2.1644787862.1080p.mp4?mac=PmtgYmwUMZnn19rNCjshJcU4hoVQ6lOG5rH0H4Hv8Q4%3D&vip=217.149.165.94&expiry=1645382898020 |time=254
[21/Feb/22 00:11:48] - |time=333
[21/Feb/22 13:52:07] - |time=274
[21/Feb/22 14:46:27] - |time=3250
[23/Feb/22 14:31:46] - |time=3562
[23/Feb/22 15:30:59] - |time=102
[23/Feb/22 16:55:27] - |time=9
[23/Feb/22 17:32:26] - |time=2207
[23/Feb/22 20:08:48] - |time=181
[23/Feb/22 22:52:21] - |time=6910
[24/Feb/22 18:46:42] - |time=4563
[24/Feb/22 21:22:17] - |time=0
[24/Feb/22 22:59:07] - |time=953
[25/Feb/22 12:04:09] - |time=140
[25/Feb/22 12:21:08] - |time=145
[01/Mär/22 03:58:57] /run/media/christian/WideHardo/Filme/Minas_Tirith.mp4 |time=1497
[01/Mär/22 04:00:32] /run/media/christian/WideHardo/Filme/Lawrence of Arabia (1962)/Lawrence of Arabia (1962) Remux-2160p.mkv |time=781
[01/Mär/22 04:01:42] /run/media/christian/WideHardo/Filme/Lawrence of Arabia (1962)/Lawrence of Arabia (1962) Remux-2160p.mkv |time=1933
[01/Mär/22 04:03:44] /run/media/christian/WideHardo/Videos/2021-09-13 21-34-29.mp4 |time=14
[01/Mär/22 04:03:58] /run/media/christian/WideHardo/Videos/2021-09-13 21-34-29.mp4 |time=14
[01/Mär/22 04:03:59] /run/media/christian/WideHardo/Videos/2021-09-13 21-34-29.mp4 |time=1
[01/Mär/22 04:05:12] /run/media/christian/WideHardo/Videos/this stream never happened.mp4 |time=1878
[01/Mär/22 04:06:17] /run/media/christian/WideHardo/Videos/2021-09-16 20-47-50.mp4 |time=21
[01/Mär/22 04:06:21] /run/media/christian/WideHardo/Videos/2021-09-16 20-47-50.mp4 |time=3
[01/Mär/22 04:06:26] /run/media/christian/WideHardo/Videos/boiling some tea water.mp4 |time=3
[01/Mär/22 04:06:29] /run/media/christian/WideHardo/Videos/THIS.mp4 |time=4
[01/Mär/22 04:06:32] /run/media/christian/WideHardo/Videos/THIS.mp4 |time=3
[01/Mär/22 04:09:39] /run/media/christian/WideHardo/Videos/boiling some tea water.mp4 |time=10
[01/Mär/22 04:17:34] /run/media/christian/WideHardo/Videos/The PP Bizon incident.mp4 |time=9
[01/Mär/22 04:17:44] /run/media/christian/WideHardo/Videos/The PP Bizon incident.mp4 |time=9
[01/Mär/22 04:17:45] /run/media/christian/WideHardo/Videos/The PP Bizon incident.mp4 |time=0
[06/Mär/22 19:01:41] - |time=3348
[06/Mär/22 21:00:29] - |time=6
[07/Mär/22 20:10:08] - |time=3374
[07/Mär/22 22:49:25] - |time=2679
[08/Mär/22 19:30:05] - |time=2114
[09/Mär/22 06:30:12] - |time=105
[13/Mär/22 07:48:39] https://www.twitch.tv/videos/1423920301 |time=26
[13/Mär/22 07:49:31] - |time=555
[13/Mär/22 10:58:42] https://www.twitch.tv/videos/1423920301 |time=12437
[16/Mär/22 19:23:18] - |time=1362
[17/Mär/22 19:53:13] - |time=3759
[17/Mär/22 20:25:53] - |time=1939
[20/Mär/22 14:35:24] - |time=3
[20/Mär/22 14:38:34] - |time=2
[20/Mär/22 14:40:35] - |time=1
[20/Mär/22 14:44:31] - |time=3101
[20/Mär/22 15:35:31] - |time=3049
[20/Mär/22 15:36:23] - |time=3
[20/Mär/22 15:42:25] https://www.youtube.com/watch?v=5YYwwq407Ds&t=756s |time=790
[20/Mär/22 15:42:25] https://www.youtube.com/watch?v=5YYwwq407Ds&t=756s |time=0
[20/Mär/22 15:45:47] https://www.youtube.com/watch?v=zFTJLQrds84 |time=8
[20/Mär/22 16:51:54] https://www.youtube.com/watch?v=GYk4ymtQ1WM |time=3005
[20/Mär/22 17:18:48] - |time=51
[20/Mär/22 17:20:30] - |time=68
[20/Mär/22 17:24:32] - |time=233
[20/Mär/22 17:37:52] - |time=790
[20/Mär/22 17:39:04] https://www.youtube.com/watch?v=QpRuj21D7rQ |time=7
[20/Mär/22 18:35:04] https://www.youtube.com/watch?v=QpRuj21D7rQ |time=1864
[20/Mär/22 21:11:29] - |time=3867
[20/Mär/22 21:39:49] - |time=1636
[20/Mär/22 23:39:41] - |time=7128
[21/Mär/22 20:02:39] - |time=3753
[21/Mär/22 20:11:21] - |time=41
[21/Mär/22 20:23:42] - |time=674
[21/Mär/22 21:22:32] - |time=2744
[22/Mär/22 20:39:19] - |time=2101
[22/Mär/22 21:25:09] - |time=2727
[22/Mär/22 21:49:50] - |time=1472
[22/Mär/22 22:31:54] - |time=2520
[23/Mär/22 18:58:27] - |time=123
[23/Mär/22 19:42:41] - |time=2600
[23/Mär/22 20:24:39] - |time=2505
[23/Mär/22 21:21:48] - |time=350
[23/Mär/22 21:26:56] - |time=270
[23/Mär/22 21:28:13] - |time=57
[23/Mär/22 22:50:39] - |time=24
[24/Mär/22 19:04:04] - |time=640
[24/Mär/22 19:51:34] - |time=2817
[24/Mär/22 20:09:22] - |time=1060
[24/Mär/22 20:45:26] - |time=2152
[25/Mär/22 10:09:06] - |time=234
[25/Mär/22 10:21:25] - |time=728
[25/Mär/22 10:29:13] - |time=297
[25/Mär/22 14:14:23] - |time=3650
[25/Mär/22 14:26:56] - |time=729
[25/Mär/22 21:12:42] - |time=3373
[26/Mär/22 18:59:14] - |time=3847
[27/Mär/22 17:44:15] - |time=5004
[27/Mär/22 21:58:48] - |time=875
[27/Mär/22 22:03:17] - |time=258
[27/Mär/22 22:08:47] - |time=316
[27/Mär/22 22:23:09] - |time=816
[27/Mär/22 23:05:58] - |time=1147
[28/Mär/22 20:04:48] - |time=4549
[29/Mär/22 18:53:25] - |time=120
[29/Mär/22 18:59:45] - |time=370
[29/Mär/22 19:33:30] - |time=2014
[29/Mär/22 19:37:41] - |time=241
[29/Mär/22 19:38:55] - |time=56
[30/Mär/22 18:04:36] - |time=920
[30/Mär/22 18:06:54] - |time=128
[31/Mar/22 19:29:59] - |time=2051
[01/Apr/22 10:22:19] - |time=760
[01/Apr/22 20:43:55] - |time=215
[01/Apr/22 23:42:46] - |time=1556
[02/Apr/22 16:08:54] - |time=1785
[02/Apr/22 16:15:25] - |time=383
[02/Apr/22 16:15:46] - |time=10
[02/Apr/22 18:11:47] - |time=1086
[03/Apr/22 12:11:30] - |time=223
[04/Apr/22 19:15:53] - |time=1639
[04/Apr/22 19:21:35] - |time=333
[04/Apr/22 19:23:01] - |time=76
[04/Apr/22 19:24:41] - |time=57
[07/Apr/22 21:02:33] - |time=4674
[08/Apr/22 11:29:51] - |time=1298
[08/Apr/22 14:10:06] - |time=470
[08/Apr/22 21:03:40] - |time=3484
[09/Apr/22 18:39:06] - |time=1323
[10/Apr/22 02:24:31] - |time=182
[10/Apr/22 02:34:35] - |time=587
[10/Apr/22 12:49:42] - |time=415
[10/Apr/22 13:17:22] - |time=44
[10/Apr/22 13:22:24] - |time=42
[10/Apr/22 13:45:01] - |time=695
[10/Apr/22 15:14:34] - |time=39
[12/Apr/22 18:19:45] - |time=2549
[12/Apr/22 18:21:34] - |time=98
[12/Apr/22 19:09:31] - |time=2864
[12/Apr/22 20:11:38] - |time=3389
